Line Addr Code          Label         Mnemonic      Operand       Comments            
1    0000                                                         ; TestImmediate.asm - Test immediate instructions.
2    0000                                                                             
3    0000 00                          halt                                            
4    0001                                                                             
5    0001                                                                             
6    0001                                                                             
7    0001                                                                             
8    0001 70                          enter.u5      0             ; OK, number <u5> [0..31].
9    0002 71                          enter.u5      1             ; OK, number <u5> [0..31].
10   0003 72                          enter.u5      2             ; OK, number <u5> [0..31].
11   0004 73                          enter.u5      3             ; OK, number <u5> [0..31].
12   0005 74                          enter.u5      4             ; OK, number <u5> [0..31].
13   0006 75                          enter.u5      5             ; OK, number <u5> [0..31].
14   0007 76                          enter.u5      6             ; OK, number <u5> [0..31].
15   0008 77                          enter.u5      7             ; OK, number <u5> [0..31].
16   0009 78                          enter.u5      8             ; OK, number <u5> [0..31].
17   000A 79                          enter.u5      9             ; OK, number <u5> [0..31].
18   000B 7A                          enter.u5      10            ; OK, number <u5> [0..31].
19   000C 7B                          enter.u5      11            ; OK, number <u5> [0..31].
20   000D 7C                          enter.u5      12            ; OK, number <u5> [0..31].
21   000E 7D                          enter.u5      13            ; OK, number <u5> [0..31].
22   000F 7E                          enter.u5      14            ; OK, number <u5> [0..31].
23   0010 7F                          enter.u5      15            ; OK, number <u5> [0..31].
24   0011 80                          enter.u5      16            ; OK, number <u5> [0..31].
25   0012 81                          enter.u5      17            ; OK, number <u5> [0..31].
26   0013 82                          enter.u5      18            ; OK, number <u5> [0..31].
27   0014 83                          enter.u5      19            ; OK, number <u5> [0..31].
28   0015 84                          enter.u5      20            ; OK, number <u5> [0..31].
29   0016 85                          enter.u5      21            ; OK, number <u5> [0..31].
30   0017 86                          enter.u5      22            ; OK, number <u5> [0..31].
31   0018 87                          enter.u5      23            ; OK, number <u5> [0..31].
32   0019 88                          enter.u5      24            ; OK, number <u5> [0..31].
33   001A 89                          enter.u5      25            ; OK, number <u5> [0..31].
34   001B 8A                          enter.u5      26            ; OK, number <u5> [0..31].
35   001C 8B                          enter.u5      27            ; OK, number <u5> [0..31].
36   001D 8C                          enter.u5      28            ; OK, number <u5> [0..31].
37   001E 8D                          enter.u5      29            ; OK, number <u5> [0..31].
38   001F 8E                          enter.u5      30            ; OK, number <u5> [0..31].
39   0020 8F                          enter.u5      31            ; OK, number <u5> [0..31].
40   0021                                                                             
41   0021 90                          ldc.i3        0             ; OK, number <i3> [-4..3].
42   0022 91                          ldc.i3        1             ; OK, number <i3> [-4..3].
43   0023 92                          ldc.i3        2             ; OK, number <i3> [-4..3].
44   0024 93                          ldc.i3        3             ; OK, number <i3> [-4..3].
45   0025 94                          ldc.i3        -4            ; OK, number <i3> [-4..3].
46   0026 95                          ldc.i3        -3            ; OK, number <i3> [-4..3].
47   0027 96                          ldc.i3        -2            ; OK, number <i3> [-4..3].
48   0028 97                          ldc.i3        -1            ; OK, number <i3> [-4..3].
49   0029                                                                             
50   0029 98                          addv.u3       0             ; OK, number <u3> [0..7].
51   002A 99                          addv.u3       1             ; OK, number <u3> [0..7].
52   002B 9A                          addv.u3       2             ; OK, number <u3> [0..7].
53   002C 9B                          addv.u3       3             ; OK, number <u3> [0..7].
54   002D 9C                          addv.u3       4             ; OK, number <u3> [0..7].
55   002E 9D                          addv.u3       5             ; OK, number <u3> [0..7].
56   002F 9E                          addv.u3       6             ; OK, number <u3> [0..7].
57   0030 9F                          addv.u3       7             ; OK, number <u3> [0..7].
58   0031                                                                             
59   0031 A0                          ldv.u3        0             ; OK, number <u3> [0..7].
60   0032 A1                          ldv.u3        1             ; OK, number <u3> [0..7].
61   0033 A2                          ldv.u3        2             ; OK, number <u3> [0..7].
62   0034 A3                          ldv.u3        3             ; OK, number <u3> [0..7].
63   0035 A4                          ldv.u3        4             ; OK, number <u3> [0..7].
64   0036 A5                          ldv.u3        5             ; OK, number <u3> [0..7].
65   0037 A6                          ldv.u3        6             ; OK, number <u3> [0..7].
66   0038 A7                          ldv.u3        7             ; OK, number <u3> [0..7].
67   0039                                                                             
68   0039 A8                          stv.u3        0             ; OK, number <u3> [0..7].
69   003A A9                          stv.u3        1             ; OK, number <u3> [0..7].
70   003B AA                          stv.u3        2             ; OK, number <u3> [0..7].
71   003C AB                          stv.u3        3             ; OK, number <u3> [0..7].
72   003D AC                          stv.u3        4             ; OK, number <u3> [0..7].
73   003E AD                          stv.u3        5             ; OK, number <u3> [0..7].
74   003F AE                          stv.u3        6             ; OK, number <u3> [0..7].
75   0040 AF                          stv.u3        7             ; OK, number <u3> [0..7].
76   0041                                                                             
77   0041 D5 0044                     lda.i16       ABC           ; lda - load address
78   0044                                                                             
79   0044 41 42 43 00   ABC           .cstring      "ABC"         ; "ABC" has 4 bytes 
80   0048 41 30 00      A0            .cstring      "A0"          ; "A0"  has 3 bytes    

